18:05:27.106 [main] INFO  testcases.RoleFolder - Response Body:

18:05:27.107 [main] INFO  testcases.RoleFolder - Response Code: 401
18:05:27.107 [main] INFO  testcases.RoleFolder - Response Time: 15
18:05:27.127 [main] INFO  testcases.RoleFolder - Status Code: 401
18:05:27.149 [main] INFO  testcases.RoleFolder - Response Body:

18:05:27.149 [main] INFO  testcases.RoleFolder - Response Code: 401
18:05:27.168 [main] INFO  testcases.RoleFolder - Response Body: 
18:05:27.169 [main] INFO  testcases.RoleFolder - Status Code: 401
18:05:27.189 [main] INFO  testcases.RoleFolder - Status Code: 401
18:05:27.189 [main] INFO  testcases.RoleFolder - Response Body: 
18:05:27.854 [main] INFO  testcases.RoleFolder - Response Body:
{
    "20": "ROLE_TECHNICIAN",
    "6": "ROLE_SUPERADMIN",
    "22": "ROLE_DIRECTOR",
    "24": "ROLE_STRATEGIST"
}
18:05:27.855 [main] INFO  testcases.RoleFolder - Response Code: 201
18:05:27.855 [main] INFO  testcases.RoleFolder - Response Time: 655
18:05:27.856 [main] INFO  testcases.RoleFolder - Content Type header value is: application/json
18:05:27.856 [main] INFO  testcases.RoleFolder - Transfer Encoding header value is: chunked
18:05:27.856 [main] INFO  testcases.RoleFolder - Connection header value is: keep-alive
18:05:27.856 [main] INFO  testcases.RoleFolder - Key: X-Content-Type-Options Value: nosniff
18:05:27.857 [main] INFO  testcases.RoleFolder - Key: X-XSS-Protection Value: 0
18:05:27.857 [main] INFO  testcases.RoleFolder - Key: Cache-Control Value: no-cache, no-store, max-age=0, must-revalidate
18:05:27.857 [main] INFO  testcases.RoleFolder - Key: Pragma Value: no-cache
18:05:27.857 [main] INFO  testcases.RoleFolder - Key: Expires Value: 0
18:05:27.857 [main] INFO  testcases.RoleFolder - Key: X-Frame-Options Value: DENY
18:05:27.857 [main] INFO  testcases.RoleFolder - Key: Content-Type Value: application/json
18:05:27.857 [main] INFO  testcases.RoleFolder - Key: Transfer-Encoding Value: chunked
18:05:27.858 [main] INFO  testcases.RoleFolder - Key: Date Value: Thu, 14 Dec 2023 12:35:28 GMT
18:05:27.858 [main] INFO  testcases.RoleFolder - Key: Keep-Alive Value: timeout=60
18:05:27.858 [main] INFO  testcases.RoleFolder - Key: Connection Value: keep-alive
18:05:28.450 [main] INFO  testcases.RoleFolder - Response Body:
{
    "20": "ROLE_TECHNICIAN",
    "6": "ROLE_SUPERADMIN",
    "22": "ROLE_DIRECTOR",
    "24": "ROLE_STRATEGIST",
    "25": "ROLE_FRONT_END_DEVELOPER"
}
18:05:28.450 [main] INFO  testcases.RoleFolder - Response Code: 201
18:05:29.082 [main] INFO  testcases.RoleFolder - Response Body:
{
    "timestamp": "2023-12-14T12:35:30.111+00:00",
    "status": 400,
    "error": "Bad Request",
    "message": "Fields are Missing",
    "path": "/employee/role/add"
}
18:05:29.097 [main] INFO  testcases.RoleFolder - Message: Fields are Missing
18:05:29.097 [main] INFO  testcases.RoleFolder - Response Code: 400
18:05:29.097 [main] INFO  testcases.RoleFolder - Response Time: 619
18:05:29.593 [main] INFO  testcases.RoleFolder - Status Code: 200
18:05:29.594 [main] INFO  testcases.RoleFolder - Response Body: {
    "20": "ROLE_TECHNICIAN",
    "6": "ROLE_SUPERADMIN",
    "22": "ROLE_DIRECTOR",
    "24": "ROLE_STRATEGIST",
    "25": "ROLE_FRONT_END_DEVELOPER"
}
18:05:30.088 [main] INFO  testcases.RoleFolder - Response Body: {
    "20": "ROLE_TECHNICIAN",
    "6": "ROLE_SUPERADMIN",
    "24": "ROLE_STRATEGIST",
    "25": "ROLE_FRONT_END_DEVELOPER"
}
18:05:30.089 [main] INFO  testcases.RoleFolder - Status Code: 200
18:05:30.089 [main] INFO  testcases.RoleFolder - Content Type header value is: application/json
18:05:30.089 [main] INFO  testcases.RoleFolder - Transfer Encoding header value is: chunked
18:05:30.089 [main] INFO  testcases.RoleFolder - Connection header value is: keep-alive
18:05:30.090 [main] INFO  testcases.RoleFolder - Key: X-Content-Type-Options Value: nosniff
18:05:30.090 [main] INFO  testcases.RoleFolder - Key: X-XSS-Protection Value: 0
18:05:30.090 [main] INFO  testcases.RoleFolder - Key: Cache-Control Value: no-cache, no-store, max-age=0, must-revalidate
18:05:30.090 [main] INFO  testcases.RoleFolder - Key: Pragma Value: no-cache
18:05:30.090 [main] INFO  testcases.RoleFolder - Key: Expires Value: 0
18:05:30.091 [main] INFO  testcases.RoleFolder - Key: X-Frame-Options Value: DENY
18:05:30.091 [main] INFO  testcases.RoleFolder - Key: Content-Type Value: application/json
18:05:30.091 [main] INFO  testcases.RoleFolder - Key: Transfer-Encoding Value: chunked
18:05:30.091 [main] INFO  testcases.RoleFolder - Key: Date Value: Thu, 14 Dec 2023 12:35:30 GMT
18:05:30.091 [main] INFO  testcases.RoleFolder - Key: Keep-Alive Value: timeout=60
18:05:30.091 [main] INFO  testcases.RoleFolder - Key: Connection Value: keep-alive
18:05:30.091 [main] INFO  testcases.RoleFolder - Content Type header value is: application/json
18:05:30.092 [main] INFO  testcases.RoleFolder - Transfer Encoding header value is: chunked
18:05:30.092 [main] INFO  testcases.RoleFolder - Connection header value is: keep-alive
18:05:30.092 [main] INFO  testcases.RoleFolder - Key: X-Content-Type-Options Value: nosniff
18:05:30.092 [main] INFO  testcases.RoleFolder - Key: X-XSS-Protection Value: 0
18:05:30.092 [main] INFO  testcases.RoleFolder - Key: Cache-Control Value: no-cache, no-store, max-age=0, must-revalidate
18:05:30.092 [main] INFO  testcases.RoleFolder - Key: Pragma Value: no-cache
18:05:30.092 [main] INFO  testcases.RoleFolder - Key: Expires Value: 0
18:05:30.093 [main] INFO  testcases.RoleFolder - Key: X-Frame-Options Value: DENY
18:05:30.093 [main] INFO  testcases.RoleFolder - Key: Content-Type Value: application/json
18:05:30.093 [main] INFO  testcases.RoleFolder - Key: Transfer-Encoding Value: chunked
18:05:30.093 [main] INFO  testcases.RoleFolder - Key: Date Value: Thu, 14 Dec 2023 12:35:30 GMT
18:05:30.093 [main] INFO  testcases.RoleFolder - Key: Keep-Alive Value: timeout=60
18:05:30.094 [main] INFO  testcases.RoleFolder - Key: Connection Value: keep-alive
18:05:30.720 [main] INFO  testcases.RoleFolder - Response Body:
{
    "timestamp": "2023-12-14T12:35:31.768+00:00",
    "status": 404,
    "error": "Not Found",
    "message": "No Role Present For Given Id",
    "path": "/employee/role/update"
}
18:05:30.721 [main] INFO  testcases.RoleFolder - Response Code: 404
18:05:30.721 [main] INFO  testcases.RoleFolder - Content Type header value is: application/json
18:05:30.721 [main] INFO  testcases.RoleFolder - Transfer Encoding header value is: chunked
18:05:30.721 [main] INFO  testcases.RoleFolder - Connection header value is: keep-alive
18:05:30.721 [main] INFO  testcases.RoleFolder - Key: X-Content-Type-Options Value: nosniff
18:05:30.722 [main] INFO  testcases.RoleFolder - Key: X-XSS-Protection Value: 0
18:05:30.722 [main] INFO  testcases.RoleFolder - Key: Cache-Control Value: no-cache, no-store, max-age=0, must-revalidate
18:05:30.722 [main] INFO  testcases.RoleFolder - Key: Pragma Value: no-cache
18:05:30.722 [main] INFO  testcases.RoleFolder - Key: Expires Value: 0
18:05:30.723 [main] INFO  testcases.RoleFolder - Key: X-Frame-Options Value: DENY
18:05:30.723 [main] INFO  testcases.RoleFolder - Key: Content-Type Value: application/json
18:05:30.723 [main] INFO  testcases.RoleFolder - Key: Transfer-Encoding Value: chunked
18:05:30.723 [main] INFO  testcases.RoleFolder - Key: Date Value: Thu, 14 Dec 2023 12:35:31 GMT
18:05:30.723 [main] INFO  testcases.RoleFolder - Key: Keep-Alive Value: timeout=60
18:05:30.723 [main] INFO  testcases.RoleFolder - Key: Connection Value: keep-alive
18:05:31.232 [main] INFO  testcases.RoleFolder - Response Body:
{
    "timestamp": "2023-12-14T12:35:32.339+00:00",
    "status": 400,
    "error": "Bad Request",
    "message": "Fields are missing",
    "path": "/employee/role/update"
}
18:05:31.248 [main] INFO  testcases.RoleFolder - Message: Fields are missing
18:05:31.248 [main] INFO  testcases.RoleFolder - Response Code: 400
18:05:31.248 [main] INFO  testcases.RoleFolder - Response Time: 499
18:05:31.847 [main] INFO  testcases.RoleFolder - Response Body:
{
    "timestamp": "2023-12-14T12:35:32.957+00:00",
    "status": 404,
    "error": "Not Found",
    "message": "No Role Present For Given Id",
    "path": "/employee/role/update"
}
18:05:31.863 [main] INFO  testcases.RoleFolder - Message: No Role Present For Given Id
18:05:31.863 [main] INFO  testcases.RoleFolder - Response Code: 404
18:05:31.863 [main] INFO  testcases.RoleFolder - Response Time: 589
18:05:32.395 [main] INFO  testcases.RoleFolder - Response Body: {
    "timestamp": "2023-12-14T12:35:33.530+00:00",
    "status": 404,
    "error": "Not Found",
    "message": "Role Not Found",
    "path": "/employee/role/delete"
}
18:05:32.409 [main] INFO  testcases.RoleFolder - Message: Role Not Found
18:05:32.410 [main] INFO  testcases.RoleFolder - Response Code: 404
18:05:32.410 [main] INFO  testcases.RoleFolder - Response Time: 524
18:05:32.973 [main] INFO  testcases.RoleFolder - Status Code: 200
18:05:32.974 [main] INFO  testcases.RoleFolder - Response Body: [
    {
        "roleId": 20,
        "role": "ROLE_TECHNICIAN",
        "roleName": "ROLE_TECHNICIAN",
        "roleLevel": 8
    },
    {
        "roleId": 24,
        "role": "ROLE_STRATEGIST",
        "roleName": "ROLE_STRATEGIST",
        "roleLevel": 5
    },
    {
        "roleId": 25,
        "role": "ROLE_FRONT_END_DEVELOPER",
        "roleName": "ROLE_FRONT_END_DEVELOPER",
        "roleLevel": 2
    }
]
18:05:32.974 [main] INFO  testcases.RoleFolder - Content Type header value is: application/json
18:05:32.974 [main] INFO  testcases.RoleFolder - Transfer Encoding header value is: chunked
18:05:32.975 [main] INFO  testcases.RoleFolder - Connection header value is: keep-alive
18:05:32.975 [main] INFO  testcases.RoleFolder - Key: X-Content-Type-Options Value: nosniff
18:05:32.975 [main] INFO  testcases.RoleFolder - Key: X-XSS-Protection Value: 0
18:05:32.975 [main] INFO  testcases.RoleFolder - Key: Cache-Control Value: no-cache, no-store, max-age=0, must-revalidate
18:05:32.975 [main] INFO  testcases.RoleFolder - Key: Pragma Value: no-cache
18:05:32.975 [main] INFO  testcases.RoleFolder - Key: Expires Value: 0
18:05:32.975 [main] INFO  testcases.RoleFolder - Key: X-Frame-Options Value: DENY
18:05:32.976 [main] INFO  testcases.RoleFolder - Key: Content-Type Value: application/json
18:05:32.976 [main] INFO  testcases.RoleFolder - Key: Transfer-Encoding Value: chunked
18:05:32.976 [main] INFO  testcases.RoleFolder - Key: Date Value: Thu, 14 Dec 2023 12:35:34 GMT
18:05:32.976 [main] INFO  testcases.RoleFolder - Key: Keep-Alive Value: timeout=60
18:05:32.977 [main] INFO  testcases.RoleFolder - Key: Connection Value: keep-alive
18:05:33.457 [main] INFO  testcases.RoleFolder - Status Code: 404
18:05:33.458 [main] INFO  testcases.RoleFolder - Response Body: {
    "timestamp": "2023-12-14T12:35:34.565+00:00",
    "status": 404,
    "error": "Not Found",
    "message": "No message available",
    "path": "/employee/role/level13"
}
18:10:49.437 [main] INFO  testcases.RoleFolder - Response Body:

18:10:49.437 [main] INFO  testcases.RoleFolder - Response Code: 401
18:10:49.438 [main] INFO  testcases.RoleFolder - Response Time: 16
18:10:49.461 [main] INFO  testcases.RoleFolder - Status Code: 401
18:10:49.488 [main] INFO  testcases.RoleFolder - Response Body:

18:10:49.488 [main] INFO  testcases.RoleFolder - Response Code: 401
18:10:49.516 [main] INFO  testcases.RoleFolder - Response Body: 
18:10:49.516 [main] INFO  testcases.RoleFolder - Status Code: 401
18:10:49.542 [main] INFO  testcases.RoleFolder - Status Code: 401
18:10:49.542 [main] INFO  testcases.RoleFolder - Response Body: 
18:10:50.114 [main] INFO  testcases.RoleFolder - Response Body:
{
    "20": "ROLE_TECHNICIAN",
    "6": "ROLE_SUPERADMIN",
    "24": "ROLE_STRATEGIST",
    "25": "ROLE_FRONT_END_DEVELOPER",
    "27": "ROLE_ADMINISTRATOR"
}
18:10:50.115 [main] INFO  testcases.RoleFolder - Response Code: 201
18:10:50.115 [main] INFO  testcases.RoleFolder - Response Time: 564
18:10:50.115 [main] INFO  testcases.RoleFolder - Content Type header value is: application/json
18:10:50.115 [main] INFO  testcases.RoleFolder - Transfer Encoding header value is: chunked
18:10:50.116 [main] INFO  testcases.RoleFolder - Connection header value is: keep-alive
18:10:50.116 [main] INFO  testcases.RoleFolder - Key: X-Content-Type-Options Value: nosniff
18:10:50.116 [main] INFO  testcases.RoleFolder - Key: X-XSS-Protection Value: 0
18:10:50.116 [main] INFO  testcases.RoleFolder - Key: Cache-Control Value: no-cache, no-store, max-age=0, must-revalidate
18:10:50.117 [main] INFO  testcases.RoleFolder - Key: Pragma Value: no-cache
18:10:50.117 [main] INFO  testcases.RoleFolder - Key: Expires Value: 0
18:10:50.117 [main] INFO  testcases.RoleFolder - Key: X-Frame-Options Value: DENY
18:10:50.117 [main] INFO  testcases.RoleFolder - Key: Content-Type Value: application/json
18:10:50.117 [main] INFO  testcases.RoleFolder - Key: Transfer-Encoding Value: chunked
18:10:50.117 [main] INFO  testcases.RoleFolder - Key: Date Value: Thu, 14 Dec 2023 12:40:50 GMT
18:10:50.118 [main] INFO  testcases.RoleFolder - Key: Keep-Alive Value: timeout=60
18:10:50.118 [main] INFO  testcases.RoleFolder - Key: Connection Value: keep-alive
18:10:50.629 [main] INFO  testcases.RoleFolder - Response Body:
{
    "timestamp": "2023-12-14T12:40:51.741+00:00",
    "status": 422,
    "error": "Unprocessable Entity",
    "message": "Role Already Exists",
    "path": "/employee/role/add"
}
18:10:50.630 [main] INFO  testcases.RoleFolder - Response Code: 422
18:10:50.630 [main] INFO  testcases.RoleFolder - Response Time: 502
18:10:51.139 [main] INFO  testcases.RoleFolder - Response Body:
{
    "timestamp": "2023-12-14T12:40:52.217+00:00",
    "status": 400,
    "error": "Bad Request",
    "message": "Fields are Missing",
    "path": "/employee/role/add"
}
18:10:51.168 [main] INFO  testcases.RoleFolder - Message: Fields are Missing
18:10:51.168 [main] INFO  testcases.RoleFolder - Response Code: 400
18:10:51.168 [main] INFO  testcases.RoleFolder - Response Time: 494
18:10:51.652 [main] INFO  testcases.RoleFolder - Status Code: 200
18:10:51.653 [main] INFO  testcases.RoleFolder - Response Body: {
    "20": "ROLE_TECHNICIAN",
    "6": "ROLE_SUPERADMIN",
    "24": "ROLE_STRATEGIST",
    "25": "ROLE_FRONT_END_DEVELOPER",
    "27": "ROLE_ADMINISTRATOR"
}
18:10:52.265 [main] INFO  testcases.RoleFolder - Response Body: {
    "timestamp": "2023-12-14T12:40:53.330+00:00",
    "status": 422,
    "error": "Unprocessable Entity",
    "message": "422 UNPROCESSABLE_ENTITY",
    "path": "/employee/role/delete"
}
18:10:52.265 [main] INFO  testcases.RoleFolder - Status Code: 422
18:10:52.882 [main] INFO  testcases.RoleFolder - Response Body:
{
    "timestamp": "2023-12-14T12:40:53.931+00:00",
    "status": 404,
    "error": "Not Found",
    "message": "No Role Present For Given Id",
    "path": "/employee/role/update"
}
18:10:52.882 [main] INFO  testcases.RoleFolder - Response Code: 404
18:10:52.882 [main] INFO  testcases.RoleFolder - Content Type header value is: application/json
18:10:52.882 [main] INFO  testcases.RoleFolder - Transfer Encoding header value is: chunked
18:10:52.882 [main] INFO  testcases.RoleFolder - Connection header value is: keep-alive
18:10:52.882 [main] INFO  testcases.RoleFolder - Key: X-Content-Type-Options Value: nosniff
18:10:52.882 [main] INFO  testcases.RoleFolder - Key: X-XSS-Protection Value: 0
18:10:52.884 [main] INFO  testcases.RoleFolder - Key: Cache-Control Value: no-cache, no-store, max-age=0, must-revalidate
18:10:52.884 [main] INFO  testcases.RoleFolder - Key: Pragma Value: no-cache
18:10:52.884 [main] INFO  testcases.RoleFolder - Key: Expires Value: 0
18:10:52.884 [main] INFO  testcases.RoleFolder - Key: X-Frame-Options Value: DENY
18:10:52.884 [main] INFO  testcases.RoleFolder - Key: Content-Type Value: application/json
18:10:52.884 [main] INFO  testcases.RoleFolder - Key: Transfer-Encoding Value: chunked
18:10:52.885 [main] INFO  testcases.RoleFolder - Key: Date Value: Thu, 14 Dec 2023 12:40:53 GMT
18:10:52.885 [main] INFO  testcases.RoleFolder - Key: Keep-Alive Value: timeout=60
18:10:52.885 [main] INFO  testcases.RoleFolder - Key: Connection Value: keep-alive
18:10:53.391 [main] INFO  testcases.RoleFolder - Response Body:
{
    "timestamp": "2023-12-14T12:40:54.449+00:00",
    "status": 400,
    "error": "Bad Request",
    "message": "Fields are missing",
    "path": "/employee/role/update"
}
18:10:53.409 [main] INFO  testcases.RoleFolder - Message: Fields are missing
18:10:53.409 [main] INFO  testcases.RoleFolder - Response Code: 400
18:10:53.409 [main] INFO  testcases.RoleFolder - Response Time: 495
18:10:53.936 [main] INFO  testcases.RoleFolder - Response Body:
{
    "timestamp": "2023-12-14T12:40:55.066+00:00",
    "status": 404,
    "error": "Not Found",
    "message": "No Role Present For Given Id",
    "path": "/employee/role/update"
}
18:10:53.954 [main] INFO  testcases.RoleFolder - Message: No Role Present For Given Id
18:10:53.954 [main] INFO  testcases.RoleFolder - Response Code: 404
18:10:53.955 [main] INFO  testcases.RoleFolder - Response Time: 518
18:10:54.491 [main] INFO  testcases.RoleFolder - Response Body: {
    "timestamp": "2023-12-14T12:40:55.621+00:00",
    "status": 404,
    "error": "Not Found",
    "message": "Role Not Found",
    "path": "/employee/role/delete"
}
18:10:54.507 [main] INFO  testcases.RoleFolder - Message: Role Not Found
18:10:54.507 [main] INFO  testcases.RoleFolder - Response Code: 404
18:10:54.507 [main] INFO  testcases.RoleFolder - Response Time: 527
18:10:55.336 [main] INFO  testcases.RoleFolder - Status Code: 404
18:10:55.951 [main] INFO  testcases.RoleFolder - Status Code: 404
18:10:55.952 [main] INFO  testcases.RoleFolder - Response Body: {
    "timestamp": "2023-12-14T12:40:57.013+00:00",
    "status": 404,
    "error": "Not Found",
    "message": "No message available",
    "path": "/employee/role/level14"
}
10:53:56.073 [main] INFO  testcases.RoleFolder - Response Body:

10:53:56.073 [main] INFO  testcases.RoleFolder - Response Code: 401
10:53:56.073 [main] INFO  testcases.RoleFolder - Response Time: 15
10:53:56.096 [main] INFO  testcases.RoleFolder - Status Code: 401
10:53:56.119 [main] INFO  testcases.RoleFolder - Response Body:

10:53:56.120 [main] INFO  testcases.RoleFolder - Response Code: 401
10:53:56.140 [main] INFO  testcases.RoleFolder - Response Body: 
10:53:56.141 [main] INFO  testcases.RoleFolder - Status Code: 401
10:53:56.161 [main] INFO  testcases.RoleFolder - Status Code: 401
10:53:56.161 [main] INFO  testcases.RoleFolder - Response Body: 
10:53:56.611 [main] INFO  testcases.RoleFolder - Response Body:
{
    "20": "ROLE_TECHNICIAN",
    "6": "ROLE_SUPERADMIN",
    "24": "ROLE_STRATEGIST",
    "25": "ROLE_FRONT_END_DEVELOPER",
    "27": "ROLE_ADMINISTRATOR",
    "29": "ROLE_COORDINATOR"
}
10:53:56.611 [main] INFO  testcases.RoleFolder - Response Code: 201
10:53:56.611 [main] INFO  testcases.RoleFolder - Response Time: 442
10:53:56.612 [main] INFO  testcases.RoleFolder - Content Type header value is: application/json
10:53:56.612 [main] INFO  testcases.RoleFolder - Transfer Encoding header value is: chunked
10:53:56.612 [main] INFO  testcases.RoleFolder - Connection header value is: keep-alive
10:53:56.612 [main] INFO  testcases.RoleFolder - Key: X-Content-Type-Options Value: nosniff
10:53:56.612 [main] INFO  testcases.RoleFolder - Key: X-XSS-Protection Value: 0
10:53:56.612 [main] INFO  testcases.RoleFolder - Key: Cache-Control Value: no-cache, no-store, max-age=0, must-revalidate
10:53:56.613 [main] INFO  testcases.RoleFolder - Key: Pragma Value: no-cache
10:53:56.613 [main] INFO  testcases.RoleFolder - Key: Expires Value: 0
10:53:56.613 [main] INFO  testcases.RoleFolder - Key: X-Frame-Options Value: DENY
10:53:56.613 [main] INFO  testcases.RoleFolder - Key: Content-Type Value: application/json
10:53:56.613 [main] INFO  testcases.RoleFolder - Key: Transfer-Encoding Value: chunked
10:53:56.613 [main] INFO  testcases.RoleFolder - Key: Date Value: Fri, 15 Dec 2023 05:23:56 GMT
10:53:56.613 [main] INFO  testcases.RoleFolder - Key: Keep-Alive Value: timeout=60
10:53:56.613 [main] INFO  testcases.RoleFolder - Key: Connection Value: keep-alive
10:53:57.010 [main] INFO  testcases.RoleFolder - Response Body:
{
    "timestamp": "2023-12-15T05:23:57.856+00:00",
    "status": 422,
    "error": "Unprocessable Entity",
    "message": "Role Already Exists",
    "path": "/employee/role/add"
}
10:53:57.010 [main] INFO  testcases.RoleFolder - Response Code: 422
10:53:57.010 [main] INFO  testcases.RoleFolder - Response Time: 382
10:53:57.452 [main] INFO  testcases.RoleFolder - Response Body:
{
    "timestamp": "2023-12-15T05:23:58.297+00:00",
    "status": 400,
    "error": "Bad Request",
    "message": "Fields are Missing",
    "path": "/employee/role/add"
}
10:53:57.463 [main] INFO  testcases.RoleFolder - Message: Fields are Missing
10:53:57.463 [main] INFO  testcases.RoleFolder - Response Code: 400
10:53:57.463 [main] INFO  testcases.RoleFolder - Response Time: 430
10:53:57.873 [main] INFO  testcases.RoleFolder - Status Code: 200
10:53:57.874 [main] INFO  testcases.RoleFolder - Response Body: {
    "20": "ROLE_TECHNICIAN",
    "6": "ROLE_SUPERADMIN",
    "24": "ROLE_STRATEGIST",
    "25": "ROLE_FRONT_END_DEVELOPER",
    "27": "ROLE_ADMINISTRATOR",
    "29": "ROLE_COORDINATOR"
}
10:53:58.324 [main] INFO  testcases.RoleFolder - Response Body: {
    "6": "ROLE_SUPERADMIN",
    "24": "ROLE_STRATEGIST",
    "25": "ROLE_FRONT_END_DEVELOPER",
    "27": "ROLE_ADMINISTRATOR",
    "29": "ROLE_COORDINATOR"
}
10:53:58.325 [main] INFO  testcases.RoleFolder - Status Code: 200
10:53:58.325 [main] INFO  testcases.RoleFolder - Content Type header value is: application/json
10:53:58.325 [main] INFO  testcases.RoleFolder - Transfer Encoding header value is: chunked
10:53:58.325 [main] INFO  testcases.RoleFolder - Connection header value is: keep-alive
10:53:58.325 [main] INFO  testcases.RoleFolder - Key: X-Content-Type-Options Value: nosniff
10:53:58.325 [main] INFO  testcases.RoleFolder - Key: X-XSS-Protection Value: 0
10:53:58.325 [main] INFO  testcases.RoleFolder - Key: Cache-Control Value: no-cache, no-store, max-age=0, must-revalidate
10:53:58.326 [main] INFO  testcases.RoleFolder - Key: Pragma Value: no-cache
10:53:58.326 [main] INFO  testcases.RoleFolder - Key: Expires Value: 0
10:53:58.326 [main] INFO  testcases.RoleFolder - Key: X-Frame-Options Value: DENY
10:53:58.326 [main] INFO  testcases.RoleFolder - Key: Content-Type Value: application/json
10:53:58.326 [main] INFO  testcases.RoleFolder - Key: Transfer-Encoding Value: chunked
10:53:58.326 [main] INFO  testcases.RoleFolder - Key: Date Value: Fri, 15 Dec 2023 05:23:58 GMT
10:53:58.326 [main] INFO  testcases.RoleFolder - Key: Keep-Alive Value: timeout=60
10:53:58.326 [main] INFO  testcases.RoleFolder - Key: Connection Value: keep-alive
10:53:58.327 [main] INFO  testcases.RoleFolder - Content Type header value is: application/json
10:53:58.328 [main] INFO  testcases.RoleFolder - Transfer Encoding header value is: chunked
10:53:58.328 [main] INFO  testcases.RoleFolder - Connection header value is: keep-alive
10:53:58.328 [main] INFO  testcases.RoleFolder - Key: X-Content-Type-Options Value: nosniff
10:53:58.328 [main] INFO  testcases.RoleFolder - Key: X-XSS-Protection Value: 0
10:53:58.328 [main] INFO  testcases.RoleFolder - Key: Cache-Control Value: no-cache, no-store, max-age=0, must-revalidate
10:53:58.328 [main] INFO  testcases.RoleFolder - Key: Pragma Value: no-cache
10:53:58.329 [main] INFO  testcases.RoleFolder - Key: Expires Value: 0
10:53:58.329 [main] INFO  testcases.RoleFolder - Key: X-Frame-Options Value: DENY
10:53:58.329 [main] INFO  testcases.RoleFolder - Key: Content-Type Value: application/json
10:53:58.329 [main] INFO  testcases.RoleFolder - Key: Transfer-Encoding Value: chunked
10:53:58.329 [main] INFO  testcases.RoleFolder - Key: Date Value: Fri, 15 Dec 2023 05:23:58 GMT
10:53:58.329 [main] INFO  testcases.RoleFolder - Key: Keep-Alive Value: timeout=60
10:53:58.329 [main] INFO  testcases.RoleFolder - Key: Connection Value: keep-alive
10:53:58.756 [main] INFO  testcases.RoleFolder - Response Body:
{
    "timestamp": "2023-12-15T05:23:59.576+00:00",
    "status": 404,
    "error": "Not Found",
    "message": "No Role Present For Given Id",
    "path": "/employee/role/update"
}
10:53:58.756 [main] INFO  testcases.RoleFolder - Response Code: 404
10:53:58.757 [main] INFO  testcases.RoleFolder - Content Type header value is: application/json
10:53:58.757 [main] INFO  testcases.RoleFolder - Transfer Encoding header value is: chunked
10:53:58.757 [main] INFO  testcases.RoleFolder - Connection header value is: keep-alive
10:53:58.757 [main] INFO  testcases.RoleFolder - Key: X-Content-Type-Options Value: nosniff
10:53:58.757 [main] INFO  testcases.RoleFolder - Key: X-XSS-Protection Value: 0
10:53:58.757 [main] INFO  testcases.RoleFolder - Key: Cache-Control Value: no-cache, no-store, max-age=0, must-revalidate
10:53:58.758 [main] INFO  testcases.RoleFolder - Key: Pragma Value: no-cache
10:53:58.758 [main] INFO  testcases.RoleFolder - Key: Expires Value: 0
10:53:58.758 [main] INFO  testcases.RoleFolder - Key: X-Frame-Options Value: DENY
10:53:58.758 [main] INFO  testcases.RoleFolder - Key: Content-Type Value: application/json
10:53:58.758 [main] INFO  testcases.RoleFolder - Key: Transfer-Encoding Value: chunked
10:53:58.758 [main] INFO  testcases.RoleFolder - Key: Date Value: Fri, 15 Dec 2023 05:23:59 GMT
10:53:58.758 [main] INFO  testcases.RoleFolder - Key: Keep-Alive Value: timeout=60
10:53:58.758 [main] INFO  testcases.RoleFolder - Key: Connection Value: keep-alive
10:53:59.194 [main] INFO  testcases.RoleFolder - Response Body:
{
    "timestamp": "2023-12-15T05:24:00.041+00:00",
    "status": 400,
    "error": "Bad Request",
    "message": "Fields are missing",
    "path": "/employee/role/update"
}
10:53:59.203 [main] INFO  testcases.RoleFolder - Message: Fields are missing
10:53:59.204 [main] INFO  testcases.RoleFolder - Response Code: 400
10:53:59.204 [main] INFO  testcases.RoleFolder - Response Time: 427
10:53:59.607 [main] INFO  testcases.RoleFolder - Response Body:
{
    "timestamp": "2023-12-15T05:24:00.454+00:00",
    "status": 404,
    "error": "Not Found",
    "message": "No Role Present For Given Id",
    "path": "/employee/role/update"
}
10:53:59.619 [main] INFO  testcases.RoleFolder - Message: No Role Present For Given Id
10:53:59.619 [main] INFO  testcases.RoleFolder - Response Code: 404
10:53:59.619 [main] INFO  testcases.RoleFolder - Response Time: 396
10:54:00.074 [main] INFO  testcases.RoleFolder - Response Body: {
    "timestamp": "2023-12-15T05:24:00.920+00:00",
    "status": 404,
    "error": "Not Found",
    "message": "Role Not Found",
    "path": "/employee/role/delete"
}
10:54:00.085 [main] INFO  testcases.RoleFolder - Message: Role Not Found
10:54:00.085 [main] INFO  testcases.RoleFolder - Response Code: 404
10:54:00.085 [main] INFO  testcases.RoleFolder - Response Time: 447
10:54:00.514 [main] INFO  testcases.RoleFolder - Status Code: 200
10:54:00.516 [main] INFO  testcases.RoleFolder - Response Body: [
    {
        "roleId": 6,
        "role": "ROLE_SUPERADMIN",
        "roleName": "SuperAdmin",
        "roleLevel": 1
    },
    {
        "roleId": 24,
        "role": "ROLE_STRATEGIST",
        "roleName": "ROLE_STRATEGIST",
        "roleLevel": 5
    },
    {
        "roleId": 25,
        "role": "ROLE_FRONT_END_DEVELOPER",
        "roleName": "ROLE_FRONT_END_DEVELOPER",
        "roleLevel": 2
    },
    {
        "roleId": 27,
        "role": "ROLE_ADMINISTRATOR",
        "roleName": "ROLE_ADMINISTRATOR",
        "roleLevel": 5
    },
    {
        "roleId": 29,
        "role": "ROLE_COORDINATOR",
        "roleName": "ROLE_COORDINATOR",
        "roleLevel": 9
    }
]
10:54:00.516 [main] INFO  testcases.RoleFolder - Content Type header value is: application/json
10:54:00.516 [main] INFO  testcases.RoleFolder - Transfer Encoding header value is: chunked
10:54:00.516 [main] INFO  testcases.RoleFolder - Connection header value is: keep-alive
10:54:00.516 [main] INFO  testcases.RoleFolder - Key: X-Content-Type-Options Value: nosniff
10:54:00.517 [main] INFO  testcases.RoleFolder - Key: X-XSS-Protection Value: 0
10:54:00.517 [main] INFO  testcases.RoleFolder - Key: Cache-Control Value: no-cache, no-store, max-age=0, must-revalidate
10:54:00.517 [main] INFO  testcases.RoleFolder - Key: Pragma Value: no-cache
10:54:00.517 [main] INFO  testcases.RoleFolder - Key: Expires Value: 0
10:54:00.517 [main] INFO  testcases.RoleFolder - Key: X-Frame-Options Value: DENY
10:54:00.517 [main] INFO  testcases.RoleFolder - Key: Content-Type Value: application/json
10:54:00.517 [main] INFO  testcases.RoleFolder - Key: Transfer-Encoding Value: chunked
10:54:00.517 [main] INFO  testcases.RoleFolder - Key: Date Value: Fri, 15 Dec 2023 05:24:00 GMT
10:54:00.517 [main] INFO  testcases.RoleFolder - Key: Keep-Alive Value: timeout=60
10:54:00.517 [main] INFO  testcases.RoleFolder - Key: Connection Value: keep-alive
10:54:00.925 [main] INFO  testcases.RoleFolder - Status Code: 404
10:54:00.926 [main] INFO  testcases.RoleFolder - Response Body: {
    "timestamp": "2023-12-15T05:24:01.771+00:00",
    "status": 404,
    "error": "Not Found",
    "message": "No message available",
    "path": "/employee/role/level16"
}
11:05:07.961 [main] INFO  testcases.RoleFolder - Response Body:

11:05:07.962 [main] INFO  testcases.RoleFolder - Response Code: 401
11:05:07.962 [main] INFO  testcases.RoleFolder - Response Time: 15
11:05:07.986 [main] INFO  testcases.RoleFolder - Status Code: 401
11:05:08.017 [main] INFO  testcases.RoleFolder - Response Body:

11:05:08.017 [main] INFO  testcases.RoleFolder - Response Code: 401
11:05:08.040 [main] INFO  testcases.RoleFolder - Response Body: 
11:05:08.040 [main] INFO  testcases.RoleFolder - Status Code: 401
11:05:08.067 [main] INFO  testcases.RoleFolder - Status Code: 401
11:05:08.067 [main] INFO  testcases.RoleFolder - Response Body: 
11:05:08.452 [main] INFO  testcases.RoleFolder - Response Body:
{
    "6": "ROLE_SUPERADMIN",
    "24": "ROLE_STRATEGIST",
    "25": "ROLE_FRONT_END_DEVELOPER",
    "27": "ROLE_ADMINISTRATOR",
    "29": "ROLE_COORDINATOR",
    "31": "ROLE_ANALYST"
}
11:05:08.452 [main] INFO  testcases.RoleFolder - Response Code: 201
11:05:08.452 [main] INFO  testcases.RoleFolder - Response Time: 374
11:05:08.452 [main] INFO  testcases.RoleFolder - Content Type header value is: application/json
11:05:08.452 [main] INFO  testcases.RoleFolder - Transfer Encoding header value is: chunked
11:05:08.452 [main] INFO  testcases.RoleFolder - Connection header value is: keep-alive
11:05:08.452 [main] INFO  testcases.RoleFolder - Key: X-Content-Type-Options Value: nosniff
11:05:08.452 [main] INFO  testcases.RoleFolder - Key: X-XSS-Protection Value: 0
11:05:08.453 [main] INFO  testcases.RoleFolder - Key: Cache-Control Value: no-cache, no-store, max-age=0, must-revalidate
11:05:08.453 [main] INFO  testcases.RoleFolder - Key: Pragma Value: no-cache
11:05:08.453 [main] INFO  testcases.RoleFolder - Key: Expires Value: 0
11:05:08.453 [main] INFO  testcases.RoleFolder - Key: X-Frame-Options Value: DENY
11:05:08.453 [main] INFO  testcases.RoleFolder - Key: Content-Type Value: application/json
11:05:08.453 [main] INFO  testcases.RoleFolder - Key: Transfer-Encoding Value: chunked
11:05:08.453 [main] INFO  testcases.RoleFolder - Key: Date Value: Fri, 15 Dec 2023 05:35:07 GMT
11:05:08.453 [main] INFO  testcases.RoleFolder - Key: Keep-Alive Value: timeout=60
11:05:08.453 [main] INFO  testcases.RoleFolder - Key: Connection Value: keep-alive
11:05:08.833 [main] INFO  testcases.RoleFolder - Response Body:
{
    "timestamp": "2023-12-15T05:35:08.055+00:00",
    "status": 422,
    "error": "Unprocessable Entity",
    "message": "Role Already Exists",
    "path": "/employee/role/add"
}
11:05:08.833 [main] INFO  testcases.RoleFolder - Response Code: 422
11:05:08.833 [main] INFO  testcases.RoleFolder - Response Time: 364
11:05:09.223 [main] INFO  testcases.RoleFolder - Response Body:
{
    "timestamp": "2023-12-15T05:35:08.444+00:00",
    "status": 400,
    "error": "Bad Request",
    "message": "Fields are Missing",
    "path": "/employee/role/add"
}
11:05:09.245 [main] INFO  testcases.RoleFolder - Message: Fields are Missing
11:05:09.245 [main] INFO  testcases.RoleFolder - Response Code: 400
11:05:09.246 [main] INFO  testcases.RoleFolder - Response Time: 376
11:05:09.643 [main] INFO  testcases.RoleFolder - Status Code: 200
11:05:09.644 [main] INFO  testcases.RoleFolder - Response Body: {
    "6": "ROLE_SUPERADMIN",
    "24": "ROLE_STRATEGIST",
    "25": "ROLE_FRONT_END_DEVELOPER",
    "27": "ROLE_ADMINISTRATOR",
    "29": "ROLE_COORDINATOR",
    "31": "ROLE_ANALYST"
}
11:05:10.019 [main] INFO  testcases.RoleFolder - Response Body: {
    "6": "ROLE_SUPERADMIN",
    "24": "ROLE_STRATEGIST",
    "25": "ROLE_FRONT_END_DEVELOPER",
    "29": "ROLE_COORDINATOR",
    "31": "ROLE_ANALYST"
}
11:05:10.019 [main] INFO  testcases.RoleFolder - Status Code: 200
11:05:10.020 [main] INFO  testcases.RoleFolder - Content Type header value is: application/json
11:05:10.020 [main] INFO  testcases.RoleFolder - Transfer Encoding header value is: chunked
11:05:10.020 [main] INFO  testcases.RoleFolder - Connection header value is: keep-alive
11:05:10.020 [main] INFO  testcases.RoleFolder - Key: X-Content-Type-Options Value: nosniff
11:05:10.021 [main] INFO  testcases.RoleFolder - Key: X-XSS-Protection Value: 0
11:05:10.021 [main] INFO  testcases.RoleFolder - Key: Cache-Control Value: no-cache, no-store, max-age=0, must-revalidate
11:05:10.021 [main] INFO  testcases.RoleFolder - Key: Pragma Value: no-cache
11:05:10.021 [main] INFO  testcases.RoleFolder - Key: Expires Value: 0
11:05:10.021 [main] INFO  testcases.RoleFolder - Key: X-Frame-Options Value: DENY
11:05:10.021 [main] INFO  testcases.RoleFolder - Key: Content-Type Value: application/json
11:05:10.021 [main] INFO  testcases.RoleFolder - Key: Transfer-Encoding Value: chunked
11:05:10.022 [main] INFO  testcases.RoleFolder - Key: Date Value: Fri, 15 Dec 2023 05:35:08 GMT
11:05:10.022 [main] INFO  testcases.RoleFolder - Key: Keep-Alive Value: timeout=60
11:05:10.022 [main] INFO  testcases.RoleFolder - Key: Connection Value: keep-alive
11:05:10.022 [main] INFO  testcases.RoleFolder - Content Type header value is: application/json
11:05:10.022 [main] INFO  testcases.RoleFolder - Transfer Encoding header value is: chunked
11:05:10.022 [main] INFO  testcases.RoleFolder - Connection header value is: keep-alive
11:05:10.022 [main] INFO  testcases.RoleFolder - Key: X-Content-Type-Options Value: nosniff
11:05:10.023 [main] INFO  testcases.RoleFolder - Key: X-XSS-Protection Value: 0
11:05:10.023 [main] INFO  testcases.RoleFolder - Key: Cache-Control Value: no-cache, no-store, max-age=0, must-revalidate
11:05:10.023 [main] INFO  testcases.RoleFolder - Key: Pragma Value: no-cache
11:05:10.023 [main] INFO  testcases.RoleFolder - Key: Expires Value: 0
11:05:10.023 [main] INFO  testcases.RoleFolder - Key: X-Frame-Options Value: DENY
11:05:10.024 [main] INFO  testcases.RoleFolder - Key: Content-Type Value: application/json
11:05:10.024 [main] INFO  testcases.RoleFolder - Key: Transfer-Encoding Value: chunked
11:05:10.024 [main] INFO  testcases.RoleFolder - Key: Date Value: Fri, 15 Dec 2023 05:35:08 GMT
11:05:10.024 [main] INFO  testcases.RoleFolder - Key: Keep-Alive Value: timeout=60
11:05:10.025 [main] INFO  testcases.RoleFolder - Key: Connection Value: keep-alive
11:05:10.396 [main] INFO  testcases.RoleFolder - Response Body:
{
    "timestamp": "2023-12-15T05:35:09.618+00:00",
    "status": 404,
    "error": "Not Found",
    "message": "No Role Present For Given Id",
    "path": "/employee/role/update"
}
11:05:10.398 [main] INFO  testcases.RoleFolder - Response Code: 404
11:05:10.398 [main] INFO  testcases.RoleFolder - Content Type header value is: application/json
11:05:10.398 [main] INFO  testcases.RoleFolder - Transfer Encoding header value is: chunked
11:05:10.399 [main] INFO  testcases.RoleFolder - Connection header value is: keep-alive
11:05:10.399 [main] INFO  testcases.RoleFolder - Key: X-Content-Type-Options Value: nosniff
11:05:10.399 [main] INFO  testcases.RoleFolder - Key: X-XSS-Protection Value: 0
11:05:10.400 [main] INFO  testcases.RoleFolder - Key: Cache-Control Value: no-cache, no-store, max-age=0, must-revalidate
11:05:10.400 [main] INFO  testcases.RoleFolder - Key: Pragma Value: no-cache
11:05:10.400 [main] INFO  testcases.RoleFolder - Key: Expires Value: 0
11:05:10.400 [main] INFO  testcases.RoleFolder - Key: X-Frame-Options Value: DENY
11:05:10.400 [main] INFO  testcases.RoleFolder - Key: Content-Type Value: application/json
11:05:10.401 [main] INFO  testcases.RoleFolder - Key: Transfer-Encoding Value: chunked
11:05:10.401 [main] INFO  testcases.RoleFolder - Key: Date Value: Fri, 15 Dec 2023 05:35:09 GMT
11:05:10.401 [main] INFO  testcases.RoleFolder - Key: Keep-Alive Value: timeout=60
11:05:10.401 [main] INFO  testcases.RoleFolder - Key: Connection Value: keep-alive
11:05:10.795 [main] INFO  testcases.RoleFolder - Response Body:
{
    "timestamp": "2023-12-15T05:35:10.015+00:00",
    "status": 400,
    "error": "Bad Request",
    "message": "Fields are missing",
    "path": "/employee/role/update"
}
11:05:10.818 [main] INFO  testcases.RoleFolder - Message: Fields are missing
11:05:10.818 [main] INFO  testcases.RoleFolder - Response Code: 400
11:05:10.818 [main] INFO  testcases.RoleFolder - Response Time: 379
11:05:11.214 [main] INFO  testcases.RoleFolder - Response Body:
{
    "timestamp": "2023-12-15T05:35:10.434+00:00",
    "status": 404,
    "error": "Not Found",
    "message": "No Role Present For Given Id",
    "path": "/employee/role/update"
}
11:05:11.234 [main] INFO  testcases.RoleFolder - Message: No Role Present For Given Id
11:05:11.234 [main] INFO  testcases.RoleFolder - Response Code: 404
11:05:11.235 [main] INFO  testcases.RoleFolder - Response Time: 384
11:05:11.631 [main] INFO  testcases.RoleFolder - Response Body: {
    "timestamp": "2023-12-15T05:35:10.852+00:00",
    "status": 404,
    "error": "Not Found",
    "message": "Role Not Found",
    "path": "/employee/role/delete"
}
11:05:11.648 [main] INFO  testcases.RoleFolder - Message: Role Not Found
11:05:11.648 [main] INFO  testcases.RoleFolder - Response Code: 404
11:05:11.648 [main] INFO  testcases.RoleFolder - Response Time: 385
11:05:12.023 [main] INFO  testcases.RoleFolder - Status Code: 404
11:05:12.395 [main] INFO  testcases.RoleFolder - Status Code: 404
11:05:12.396 [main] INFO  testcases.RoleFolder - Response Body: {
    "timestamp": "2023-12-15T05:35:11.617+00:00",
    "status": 404,
    "error": "Not Found",
    "message": "No message available",
    "path": "/employee/role/level12"
}
17:45:57.147 [main] INFO  testcases.RoleFolder - Status Code: 200
17:45:57.195 [main] INFO  testcases.RoleFolder - Response Body: {
    "6": "ROLE_SUPERADMIN",
    "24": "ROLE_STRATEGIST",
    "25": "ROLE_FRONT_END_DEVELOPER",
    "29": "ROLE_COORDINATOR",
    "31": "ROLE_ANALYST"
}
17:45:57.195 [main] INFO  testcases.RoleFolder - Content Type header value is: application/json
17:45:57.195 [main] INFO  testcases.RoleFolder - Transfer Encoding header value is: chunked
17:45:57.195 [main] INFO  testcases.RoleFolder - Connection header value is: keep-alive
17:45:57.196 [main] INFO  testcases.RoleFolder - Key: X-Content-Type-Options Value: nosniff
17:45:57.196 [main] INFO  testcases.RoleFolder - Key: X-XSS-Protection Value: 0
17:45:57.196 [main] INFO  testcases.RoleFolder - Key: Cache-Control Value: no-cache, no-store, max-age=0, must-revalidate
17:45:57.196 [main] INFO  testcases.RoleFolder - Key: Pragma Value: no-cache
17:45:57.196 [main] INFO  testcases.RoleFolder - Key: Expires Value: 0
17:45:57.197 [main] INFO  testcases.RoleFolder - Key: X-Frame-Options Value: DENY
17:45:57.197 [main] INFO  testcases.RoleFolder - Key: Content-Type Value: application/json
17:45:57.197 [main] INFO  testcases.RoleFolder - Key: Transfer-Encoding Value: chunked
17:45:57.197 [main] INFO  testcases.RoleFolder - Key: Date Value: Fri, 15 Dec 2023 12:15:55 GMT
17:45:57.197 [main] INFO  testcases.RoleFolder - Key: Keep-Alive Value: timeout=60
17:45:57.197 [main] INFO  testcases.RoleFolder - Key: Connection Value: keep-alive
17:48:03.292 [main] INFO  testcases.RoleFolder - Status Code: 404
17:48:03.338 [main] INFO  testcases.RoleFolder - Response Body: {
    "timestamp": "2023-12-15T12:18:02.430+00:00",
    "status": 404,
    "error": "Not Found",
    "message": "No message available",
    "path": "/employee/role/level15"
}
17:48:03.840 [main] INFO  testcases.RoleFolder - Message: No message available
17:48:23.457 [main] INFO  testcases.RoleFolder - Status Code: 404
17:48:23.503 [main] INFO  testcases.RoleFolder - Response Body: {
    "timestamp": "2023-12-15T12:18:22.590+00:00",
    "status": 404,
    "error": "Not Found",
    "message": "Level Not Found",
    "path": "/employee/role/level/13"
}
17:48:23.970 [main] INFO  testcases.RoleFolder - Message: Level Not Found
